#
# There is insufficient memory for the Java Runtime Environment to continue.
# Native memory allocation (malloc) failed to allocate 1048576 bytes for AllocateHeap
# Possible reasons:
#   The system is out of physical RAM or swap space
#   In 32 bit mode, the process size limit was hit
# Possible solutions:
#   Reduce memory load on the system
#   Increase physical memory or swap space
#   Check if swap backing store is full
#   Use 64 bit Java on a 64 bit OS
#   Decrease Java heap size (-Xmx/-Xms)
#   Decrease number of Java threads
#   Decrease Java thread stack sizes (-Xss)
#   Set larger code cache with -XX:ReservedCodeCacheSize=
# This output file may be truncated or incomplete.
#
#  Out of Memory Error (memory/allocation.inline.hpp:62), pid=3836, tid=9404
#
# JRE version:  (8.0_05-b13) (build )
# Java VM: Java HotSpot(TM) 64-Bit Server VM (25.5-b02 mixed mode windows-amd64 compressed oops)
# Failed to write core dump. Minidumps are not enabled by default on client versions of Windows
#

---------------  T H R E A D  ---------------

Current thread (0x0000000001dfe800):  JavaThread "Unknown thread" [_thread_in_vm, id=9404, stack(0x0000000001f40000,0x0000000002040000)]

Stack: [0x0000000001f40000,0x0000000002040000]
[error occurred during error reporting (printing stack bounds), id 0xc0000005]

Native frames: (J=compiled Java code, j=interpreted, Vv=VM code, C=native code)
V  [jvm.dll+0x308dea]
V  [jvm.dll+0x25def1]
V  [jvm.dll+0x25eb0f]
V  [jvm.dll+0x27e924]
C  [kernel32.dll+0x9b990]
C  [ntdll.dll+0x8a0b8]
C  [ntdll.dll+0x18008]
C  [ntdll.dll+0x2905d]
C  [ntdll.dll+0x18c0f]
C  [ntdll.dll+0x4d948]
V  [jvm.dll+0x1fdd91]


---------------  P R O C E S S  ---------------

Java Threads: ( => current thread )

Other Threads:

=>0x0000000001dfe800 (exited) JavaThread "Unknown thread" [_thread_in_vm, id=9404, stack(0x0000000001f40000,0x0000000002040000)]

VM state:not at safepoint (normal execution)

VM Mutex/Monitor currently owned by a thread: None

Heap:
 PSYoungGen      total 1024K, used 20K [0x00000000ed700000, 0x00000000ed880000, 0x0000000100000000)
  eden space 512K, 4% used [0x00000000ed700000,0x00000000ed705288,0x00000000ed780000)
  from space 512K, 0% used [0x00000000ed800000,0x00000000ed800000,0x00000000ed880000)
  to   space 512K, 0% used [0x00000000ed780000,0x00000000ed780000,0x00000000ed800000)
 ParOldGen       total 55808K, used 0K [0x00000000c8400000, 0x00000000cba80000, 0x00000000ed700000)
  object space 55808K, 0% used [0x00000000c8400000,0x00000000c8400000,0x00000000cba80000)
 Metaspace       used 673K, capacity 4480K, committed 4480K, reserved 1056768K
  class space    used 66K, capacity 384K, committed 384K, reserved 1048576K

Card table byte_map: [0x00000000116d0000,0x0000000011890000] byte_map_base: 0x000000001108e000

Marking Bits: (ParMarkBitMap*) 0x00000000596513b0
 Begin Bits: [0x0000000011f50000, 0x0000000012d40000)
 End Bits:   [0x0000000012d40000, 0x0000000013b30000)

Polling page: 0x0000000000410000

CodeCache: size=245760Kb used=326Kb max_used=326Kb free=245433Kb
 bounds [0x0000000002310000, 0x0000000002580000, 0x0000000011310000]
 total_blobs=55 nmethods=0 adapters=37
 compilation: enabled

Compilation events (0 events):
No events

GC Heap History (0 events):
No events

Deoptimization events (0 events):
No events

Internal exceptions (0 events):
No events

Events (10 events):
Event: 6.150 loading class java/lang/Short
Event: 6.150 loading class java/lang/Short done
Event: 6.150 loading class java/lang/Integer
Event: 6.150 loading class java/lang/Integer done
Event: 6.150 loading class java/lang/Long
Event: 6.150 loading class java/lang/Long done
Event: 6.197 loading class java/lang/NullPointerException
Event: 6.197 loading class java/lang/NullPointerException done
Event: 6.197 loading class java/lang/ArithmeticException
Event: 6.197 loading class java/lang/ArithmeticException done


Dynamic libraries:
0x000000013f6c0000 - 0x000000013f6f4000 	C:\Program Files\Java\jdk1.8.0_05\bin\java.exe
0x00000000775c0000 - 0x0000000077769000 	C:\windows\SYSTEM32\ntdll.dll
0x00000000773a0000 - 0x00000000774bf000 	C:\windows\system32\kernel32.dll
0x000007fefd6c0000 - 0x000007fefd72c000 	C:\windows\system32\KERNELBASE.dll
0x000007fefe340000 - 0x000007fefe41b000 	C:\windows\system32\ADVAPI32.dll
0x000007fefdd60000 - 0x000007fefddff000 	C:\windows\system32\msvcrt.dll
0x000007fefe420000 - 0x000007fefe43f000 	C:\windows\SYSTEM32\sechost.dll
0x000007fefdc30000 - 0x000007fefdd5d000 	C:\windows\system32\RPCRT4.dll
0x00000000774c0000 - 0x00000000775ba000 	C:\windows\system32\USER32.dll
0x000007fefe140000 - 0x000007fefe1a7000 	C:\windows\system32\GDI32.dll
0x000007fefe0e0000 - 0x000007fefe0ee000 	C:\windows\system32\LPK.dll
0x000007fefda70000 - 0x000007fefdb39000 	C:\windows\system32\USP10.dll
0x000007fefbbe0000 - 0x000007fefbdd4000 	C:\windows\WinSxS\amd64_microsoft.windows.common-controls_6595b64144ccf1df_6.0.7601.18837_none_fa3b1e3d17594757\COMCTL32.dll
0x000007fefe060000 - 0x000007fefe0d1000 	C:\windows\system32\SHLWAPI.dll
0x000007fefdc00000 - 0x000007fefdc2e000 	C:\windows\system32\IMM32.DLL
0x000007feff7c0000 - 0x000007feff8c9000 	C:\windows\system32\MSCTF.dll
0x0000000060000000 - 0x00000000600d2000 	C:\Program Files\Java\jdk1.8.0_05\jre\bin\msvcr100.dll
0x0000000058ea0000 - 0x00000000596ca000 	C:\Program Files\Java\jdk1.8.0_05\jre\bin\server\jvm.dll
0x000007fef63b0000 - 0x000007fef63b9000 	C:\windows\system32\WSOCK32.dll
0x000007fefe0f0000 - 0x000007fefe13d000 	C:\windows\system32\WS2_32.dll
0x000007fefda60000 - 0x000007fefda68000 	C:\windows\system32\NSI.dll
0x000007fefaea0000 - 0x000007fefaedb000 	C:\windows\system32\WINMM.dll
0x0000000077790000 - 0x0000000077797000 	C:\windows\system32\PSAPI.DLL
0x0000000074930000 - 0x000000007493f000 	C:\Program Files\Java\jdk1.8.0_05\jre\bin\verify.dll
0x0000000074370000 - 0x0000000074398000 	C:\Program Files\Java\jdk1.8.0_05\jre\bin\java.dll
0x0000000074310000 - 0x0000000074326000 	C:\Program Files\Java\jdk1.8.0_05\jre\bin\zip.dll
0x000007fefc100000 - 0x000007fefc225000 	C:\windows\system32\dbghelp.dll

VM Arguments:
jvm_args: -Didea.launcher.port=7549 -Didea.launcher.bin.path=C:\Program Files (x86)\JetBrains\IntelliJ IDEA Community Edition 15.0.3\bin -Dfile.encoding=UTF-8 
java_command: com.intellij.rt.execution.application.AppMain com.Vladic.Bolduryxa.NewImplementation.Main
java_class_path (initial): C:\Program Files\Java\jdk1.8.0_05\jre\lib\charsets.jar;C:\Program Files\Java\jdk1.8.0_05\jre\lib\deploy.jar;C:\Program Files\Java\jdk1.8.0_05\jre\lib\javaws.jar;C:\Program Files\Java\jdk1.8.0_05\jre\lib\jce.jar;C:\Program Files\Java\jdk1.8.0_05\jre\lib\jfr.jar;C:\Program Files\Java\jdk1.8.0_05\jre\lib\jfxswt.jar;C:\Program Files\Java\jdk1.8.0_05\jre\lib\jsse.jar;C:\Program Files\Java\jdk1.8.0_05\jre\lib\management-agent.jar;C:\Program Files\Java\jdk1.8.0_05\jre\lib\plugin.jar;C:\Program Files\Java\jdk1.8.0_05\jre\lib\resources.jar;C:\Program Files\Java\jdk1.8.0_05\jre\lib\rt.jar;C:\Program Files\Java\jdk1.8.0_05\jre\lib\ext\access-bridge-64.jar;C:\Program Files\Java\jdk1.8.0_05\jre\lib\ext\cldrdata.jar;C:\Program Files\Java\jdk1.8.0_05\jre\lib\ext\dnsns.jar;C:\Program Files\Java\jdk1.8.0_05\jre\lib\ext\jaccess.jar;C:\Program Files\Java\jdk1.8.0_05\jre\lib\ext\jfxrt.jar;C:\Program Files\Java\jdk1.8.0_05\jre\lib\ext\localedata.jar;C:\Program Files\Java\jdk1.8.0_05\jre\lib\ext\nashorn.jar;C:\Program Files\Java\jdk1.8.0_05\jre\lib\ext\sunec.jar;C:\Program Files\Java\jdk1.8.0_05\jre\lib\ext\sunjce_provider.jar;C:\Program Files\Java\jdk1.8.0_05\jre\lib\ext\sunmscapi.jar;C:\Program Files\Java\jdk1.8.0_05\jre\lib\ext\sunpkcs11.jar;C:\Program Files\Java\jdk1.8.0_05\jre\lib\ext\zipfs.jar;C:\Users\user\IdeaProjects\FirstProject\target\classes;C:\Users\user\.m2\repository\log4j\log4j\1.2.17\log4j-1.2.17.jar;C:\Program Files (x86)\JetBrains\IntelliJ IDEA Community Edition 15.0.3\lib\idea_rt.jar
Launcher Type: SUN_STANDARD

Environment Variables:
JAVA_HOME=C:\Program Files\Java\jdk1.8.0_05
PATH=C:\Program Files\Microsoft SQL Server\110\Tools\Binn\;C:\Program Files (x86)\Common Files\Acronis\SnapAPI\;C:\Program Files\Java\jdk1.8.0_05\bin;C:\Program Files\maven\apache-maven-3.3.3\bin;C:\Program Files (x86)\Skype\Phone\;C:\Program Files\Java\jdk1.8.0_05\bin;C:\Program Files\maven\apache-maven-3.3.3\bin;;C:\Program Files (x86)\Common Files\Acronis\TibMounter64
USERNAME=user
OS=Windows_NT
PROCESSOR_IDENTIFIER=AMD64 Family 18 Model 1 Stepping 0, AuthenticAMD



---------------  S Y S T E M  ---------------

OS: Windows 7 , 64 bit Build 7601 Service Pack 1

CPU:total 4 (4 cores per cpu, 1 threads per core) family 18 model 1 stepping 0, cmov, cx8, fxsr, mmx, sse, sse2, sse3, popcnt, mmxext, 3dnowpref, lzcnt, sse4a, tsc, tscinvbit

Memory: 4k page, physical 3649276k(876264k free), swap 7210956k(546748k free)

vm_info: Java HotSpot(TM) 64-Bit Server VM (25.5-b02) for windows-amd64 JRE (1.8.0_05-b13), built on Mar 18 2014 01:08:39 by "java_re" with MS VC++ 10.0 (VS2010)

time: Wed Feb 17 00:25:26 2016
elapsed time: 8 seconds

