#
# There is insufficient memory for the Java Runtime Environment to continue.
# Native memory allocation (malloc) failed to allocate 32744 bytes for ChunkPool::allocate
# Possible reasons:
#   The system is out of physical RAM or swap space
#   In 32 bit mode, the process size limit was hit
# Possible solutions:
#   Reduce memory load on the system
#   Increase physical memory or swap space
#   Check if swap backing store is full
#   Use 64 bit Java on a 64 bit OS
#   Decrease Java heap size (-Xmx/-Xms)
#   Decrease number of Java threads
#   Decrease Java thread stack sizes (-Xss)
#   Set larger code cache with -XX:ReservedCodeCacheSize=
# This output file may be truncated or incomplete.
#
#  Out of Memory Error (allocation.cpp:271), pid=3256, tid=8124
#
# JRE version: Java(TM) SE Runtime Environment (8.0_05-b13) (build 1.8.0_05-b13)
# Java VM: Java HotSpot(TM) 64-Bit Server VM (25.5-b02 mixed mode windows-amd64 compressed oops)
# Failed to write core dump. Minidumps are not enabled by default on client versions of Windows
#

---------------  T H R E A D  ---------------

Current thread (0x0000000056421000):  JavaThread "C1 CompilerThread2" daemon [_thread_in_native, id=8124, stack(0x0000000056900000,0x0000000056a00000)]

Stack: [0x0000000056900000,0x0000000056a00000]
[error occurred during error reporting (printing stack bounds), id 0xc0000005]

Native frames: (J=compiled Java code, j=interpreted, Vv=VM code, C=native code)
V  [jvm.dll+0x308dea]


Current CompileTask:
C1:  15146  223   !   3       java.net.URL::
[error occurred during error reporting (printing current compile task), id 0xe0000001]


---------------  P R O C E S S  ---------------

Java Threads: ( => current thread )
  0x000000005652a000 JavaThread "Monitor Ctrl-Break" daemon [_thread_in_native, id=9852, stack(0x0000000056cd0000,0x0000000056dd0000)]
  0x0000000056463000 JavaThread "Service Thread" daemon [_thread_blocked, id=6392, stack(0x0000000056210000,0x0000000056310000)]
=>0x0000000056421000 JavaThread "C1 CompilerThread2" daemon [_thread_in_native, id=8124, stack(0x0000000056900000,0x0000000056a00000)]
  0x00000000549be800 JavaThread "C2 CompilerThread1" daemon [_thread_blocked, id=9000, stack(0x0000000056320000,0x0000000056420000)]
  0x00000000549bc800 JavaThread "C2 CompilerThread0" daemon [_thread_blocked, id=7084, stack(0x0000000056010000,0x0000000056110000)]
  0x00000000549b8000 JavaThread "Attach Listener" daemon [_thread_blocked, id=7744, stack(0x0000000056110000,0x0000000056210000)]
  0x00000000549b4800 JavaThread "Signal Dispatcher" daemon [_thread_blocked, id=4656, stack(0x0000000055e60000,0x0000000055f60000)]
  0x0000000054950000 JavaThread "Finalizer" daemon [_thread_blocked, id=8808, stack(0x0000000055ca0000,0x0000000055da0000)]
  0x000000005494a800 JavaThread "Reference Handler" daemon [_thread_blocked, id=9464, stack(0x0000000055a30000,0x0000000055b30000)]
  0x000000000206e800 JavaThread "main" [_thread_in_vm, id=8508, stack(0x0000000002340000,0x0000000002440000)]

Other Threads:
  0x0000000054947000 VMThread [stack: 0x0000000055b40000,0x0000000055c40000] [id=7884]
  0x0000000056466000 WatcherThread [stack: 0x0000000012020000,0x0000000012120000] [id=8532]

VM state:synchronizing (normal execution)

VM Mutex/Monitor currently owned by a thread:  ([mutex/lock_event])
[0x000000000206ccc0] Threads_lock - owner thread: 0x0000000054947000

Heap:
 PSYoungGen      total 1536K, used 916K [0x00000000ed700000, 0x00000000ed900000, 0x0000000100000000)
  eden space 1024K, 39% used [0x00000000ed700000,0x00000000ed7650f0,0x00000000ed800000)
  from space 512K, 100% used [0x00000000ed800000,0x00000000ed880000,0x00000000ed880000)
  to   space 512K, 0% used [0x00000000ed880000,0x00000000ed880000,0x00000000ed900000)
 ParOldGen       total 55808K, used 567K [0x00000000c8400000, 0x00000000cba80000, 0x00000000ed700000)
  object space 55808K, 1% used [0x00000000c8400000,0x00000000c848dfa8,0x00000000cba80000)
 Metaspace       used 4482K, capacity 4908K, committed 5248K, reserved 1056768K
  class space    used 518K, capacity 532K, committed 640K, reserved 1048576K

Card table byte_map: [0x0000000011ad0000,0x0000000011c90000] byte_map_base: 0x000000001148e000

Marking Bits: (ParMarkBitMap*) 0x00000000598e13b0
 Begin Bits: [0x0000000012220000, 0x0000000013010000)
 End Bits:   [0x0000000013010000, 0x0000000013e00000)

Polling page: 0x0000000000110000

CodeCache: size=245760Kb used=1504Kb max_used=1513Kb free=244255Kb
 bounds [0x0000000002710000, 0x0000000002980000, 0x0000000011710000]
 total_blobs=487 nmethods=221 adapters=181
 compilation: enabled

Compilation events (10 events):
Event: 13.968 Thread 0x0000000056421000 nmethod 216 0x0000000002886b50 code [0x0000000002886d20, 0x0000000002887498]
Event: 13.968 Thread 0x0000000056421000  217       3       java.lang.String::getChars (16 bytes)
Event: 13.969 Thread 0x0000000056421000 nmethod 217 0x0000000002887810 code [0x0000000002887980, 0x0000000002887b88]
Event: 13.969 Thread 0x0000000056421000  218       1       java.security.CodeSource::getLocation (5 bytes)
Event: 13.969 Thread 0x0000000056421000 nmethod 218 0x0000000002887c50 code [0x0000000002887da0, 0x0000000002887eb0]
Event: 13.969 Thread 0x00000000549bc800  219       4       java.lang.Math::min (11 bytes)
Event: 13.969 Thread 0x00000000549bc800 nmethod 219 0x0000000002880d50 code [0x0000000002880e80, 0x0000000002880ed8]
Event: 13.970 Thread 0x0000000056421000  220  s    3       java.lang.Throwable::fillInStackTrace (29 bytes)
Event: 13.970 Thread 0x0000000056421000 nmethod 220 0x000000000288a210 code [0x000000000288a380, 0x000000000288a728]
Event: 13.972 Thread 0x0000000056421000  223   !   3       java.net.URL::<init> (543 bytes)

GC Heap History (10 events):
Event: 8.748 GC heap before
{Heap before GC invocations=1 (full 0):
 PSYoungGen      total 1024K, used 512K [0x00000000ed700000, 0x00000000ed880000, 0x0000000100000000)
  eden space 512K, 100% used [0x00000000ed700000,0x00000000ed780000,0x00000000ed780000)
  from space 512K, 0% used [0x00000000ed800000,0x00000000ed800000,0x00000000ed880000)
  to   space 512K, 0% used [0x00000000ed780000,0x00000000ed780000,0x00000000ed800000)
 ParOldGen       total 55808K, used 0K [0x00000000c8400000, 0x00000000cba80000, 0x00000000ed700000)
  object space 55808K, 0% used [0x00000000c8400000,0x00000000c8400000,0x00000000cba80000)
 Metaspace       used 2522K, capacity 4480K, committed 4480K, reserved 1056768K
  class space    used 273K, capacity 384K, committed 384K, reserved 1048576K
Event: 8.921 GC heap after
Heap after GC invocations=1 (full 0):
 PSYoungGen      total 1024K, used 448K [0x00000000ed700000, 0x00000000ed900000, 0x0000000100000000)
  eden space 512K, 0% used [0x00000000ed700000,0x00000000ed700000,0x00000000ed780000)
  from space 512K, 87% used [0x00000000ed780000,0x00000000ed7f0020,0x00000000ed800000)
  to   space 512K, 0% used [0x00000000ed880000,0x00000000ed880000,0x00000000ed900000)
 ParOldGen       total 55808K, used 0K [0x00000000c8400000, 0x00000000cba80000, 0x00000000ed700000)
  object space 55808K, 0% used [0x00000000c8400000,0x00000000c8400000,0x00000000cba80000)
 Metaspace       used 2522K, capacity 4480K, committed 4480K, reserved 1056768K
  class space    used 273K, capacity 384K, committed 384K, reserved 1048576K
}
Event: 10.737 GC heap before
{Heap before GC invocations=2 (full 0):
 PSYoungGen      total 1024K, used 960K [0x00000000ed700000, 0x00000000ed900000, 0x0000000100000000)
  eden space 512K, 100% used [0x00000000ed700000,0x00000000ed780000,0x00000000ed780000)
  from space 512K, 87% used [0x00000000ed780000,0x00000000ed7f0020,0x00000000ed800000)
  to   space 512K, 0% used [0x00000000ed880000,0x00000000ed880000,0x00000000ed900000)
 ParOldGen       total 55808K, used 0K [0x00000000c8400000, 0x00000000cba80000, 0x00000000ed700000)
  object space 55808K, 0% used [0x00000000c8400000,0x00000000c8400000,0x00000000cba80000)
 Metaspace       used 2953K, capacity 4496K, committed 4864K, reserved 1056768K
  class space    used 321K, capacity 388K, committed 512K, reserved 1048576K
Event: 10.739 GC heap after
Heap after GC invocations=2 (full 0):
 PSYoungGen      total 1024K, used 512K [0x00000000ed700000, 0x00000000ed900000, 0x0000000100000000)
  eden space 512K, 0% used [0x00000000ed700000,0x00000000ed700000,0x00000000ed780000)
  from space 512K, 100% used [0x00000000ed880000,0x00000000ed900000,0x00000000ed900000)
  to   space 512K, 0% used [0x00000000ed780000,0x00000000ed780000,0x00000000ed800000)
 ParOldGen       total 55808K, used 40K [0x00000000c8400000, 0x00000000cba80000, 0x00000000ed700000)
  object space 55808K, 0% used [0x00000000c8400000,0x00000000c840a000,0x00000000cba80000)
 Metaspace       used 2953K, capacity 4496K, committed 4864K, reserved 1056768K
  class space    used 321K, capacity 388K, committed 512K, reserved 1048576K
}
Event: 11.228 GC heap before
{Heap before GC invocations=3 (full 0):
 PSYoungGen      total 1024K, used 1016K [0x00000000ed700000, 0x00000000ed900000, 0x0000000100000000)
  eden space 512K, 98% used [0x00000000ed700000,0x00000000ed77e1c8,0x00000000ed780000)
  from space 512K, 100% used [0x00000000ed880000,0x00000000ed900000,0x00000000ed900000)
  to   space 512K, 0% used [0x00000000ed780000,0x00000000ed780000,0x00000000ed800000)
 ParOldGen       total 55808K, used 40K [0x00000000c8400000, 0x00000000cba80000, 0x00000000ed700000)
  object space 55808K, 0% used [0x00000000c8400000,0x00000000c840a000,0x00000000cba80000)
 Metaspace       used 3277K, capacity 4664K, committed 4864K, reserved 1056768K
  class space    used 361K, capacity 424K, committed 512K, reserved 1048576K
Event: 11.235 GC heap after
Heap after GC invocations=3 (full 0):
 PSYoungGen      total 1024K, used 496K [0x00000000ed700000, 0x00000000ed900000, 0x0000000100000000)
  eden space 512K, 0% used [0x00000000ed700000,0x00000000ed700000,0x00000000ed780000)
  from space 512K, 96% used [0x00000000ed780000,0x00000000ed7fc010,0x00000000ed800000)
  to   space 512K, 0% used [0x00000000ed880000,0x00000000ed880000,0x00000000ed900000)
 ParOldGen       total 55808K, used 182K [0x00000000c8400000, 0x00000000cba80000, 0x00000000ed700000)
  object space 55808K, 0% used [0x00000000c8400000,0x00000000c842d9c8,0x00000000cba80000)
 Metaspace       used 3277K, capacity 4664K, committed 4864K, reserved 1056768K
  class space    used 361K, capacity 424K, committed 512K, reserved 1048576K
}
Event: 11.377 GC heap before
{Heap before GC invocations=4 (full 0):
 PSYoungGen      total 1024K, used 1008K [0x00000000ed700000, 0x00000000ed900000, 0x0000000100000000)
  eden space 512K, 100% used [0x00000000ed700000,0x00000000ed780000,0x00000000ed780000)
  from space 512K, 96% used [0x00000000ed780000,0x00000000ed7fc010,0x00000000ed800000)
  to   space 512K, 0% used [0x00000000ed880000,0x00000000ed880000,0x00000000ed900000)
 ParOldGen       total 55808K, used 182K [0x00000000c8400000, 0x00000000cba80000, 0x00000000ed700000)
  object space 55808K, 0% used [0x00000000c8400000,0x00000000c842d9c8,0x00000000cba80000)
 Metaspace       used 3388K, capacity 4728K, committed 4864K, reserved 1056768K
  class space    used 375K, capacity 424K, committed 512K, reserved 1048576K
Event: 11.394 GC heap after
Heap after GC invocations=4 (full 0):
 PSYoungGen      total 1536K, used 512K [0x00000000ed700000, 0x00000000ed900000, 0x0000000100000000)
  eden space 1024K, 0% used [0x00000000ed700000,0x00000000ed700000,0x00000000ed800000)
  from space 512K, 100% used [0x00000000ed880000,0x00000000ed900000,0x00000000ed900000)
  to   space 512K, 0% used [0x00000000ed800000,0x00000000ed800000,0x00000000ed880000)
 ParOldGen       total 55808K, used 262K [0x00000000c8400000, 0x00000000cba80000, 0x00000000ed700000)
  object space 55808K, 0% used [0x00000000c8400000,0x00000000c8441958,0x00000000cba80000)
 Metaspace       used 3388K, capacity 4728K, committed 4864K, reserved 1056768K
  class space    used 375K, capacity 424K, committed 512K, reserved 1048576K
}
Event: 13.953 GC heap before
{Heap before GC invocations=5 (full 0):
 PSYoungGen      total 1536K, used 1536K [0x00000000ed700000, 0x00000000ed900000, 0x0000000100000000)
  eden space 1024K, 100% used [0x00000000ed700000,0x00000000ed800000,0x00000000ed800000)
  from space 512K, 100% used [0x00000000ed880000,0x00000000ed900000,0x00000000ed900000)
  to   space 512K, 0% used [0x00000000ed800000,0x00000000ed800000,0x00000000ed880000)
 ParOldGen       total 55808K, used 262K [0x00000000c8400000, 0x00000000cba80000, 0x00000000ed700000)
  object space 55808K, 0% used [0x00000000c8400000,0x00000000c8441958,0x00000000cba80000)
 Metaspace       used 4443K, capacity 4908K, committed 5248K, reserved 1056768K
  class space    used 513K, capacity 532K, committed 640K, reserved 1048576K
Event: 13.956 GC heap after
Heap after GC invocations=5 (full 0):
 PSYoungGen      total 1536K, used 512K [0x00000000ed700000, 0x00000000ed900000, 0x0000000100000000)
  eden space 1024K, 0% used [0x00000000ed700000,0x00000000ed700000,0x00000000ed800000)
  from space 512K, 100% used [0x00000000ed800000,0x00000000ed880000,0x00000000ed880000)
  to   space 512K, 0% used [0x00000000ed880000,0x00000000ed880000,0x00000000ed900000)
 ParOldGen       total 55808K, used 567K [0x00000000c8400000, 0x00000000cba80000, 0x00000000ed700000)
  object space 55808K, 1% used [0x00000000c8400000,0x00000000c848dfa8,0x00000000cba80000)
 Metaspace       used 4443K, capacity 4908K, committed 5248K, reserved 1056768K
  class space    used 513K, capacity 532K, committed 640K, reserved 1048576K
}

Deoptimization events (0 events):
No events

Internal exceptions (10 events):
Event: 13.975 Thread 0x000000000206e800 Exception <a 'java/security/PrivilegedActionException'> (0x00000000ed74b980) thrown at [D:\re\workspace\8-2-build-windows-amd64-cygwin\jdk8u5\2488\hotspot\src\share\vm\prims\jvm.cpp, line 1248]
Event: 13.975 Thread 0x000000000206e800 Exception <a 'java/security/PrivilegedActionException'> (0x00000000ed74daf0) thrown at [D:\re\workspace\8-2-build-windows-amd64-cygwin\jdk8u5\2488\hotspot\src\share\vm\prims\jvm.cpp, line 1248]
Event: 13.975 Thread 0x000000000206e800 Exception <a 'java/security/PrivilegedActionException'> (0x00000000ed74e308) thrown at [D:\re\workspace\8-2-build-windows-amd64-cygwin\jdk8u5\2488\hotspot\src\share\vm\prims\jvm.cpp, line 1248]
Event: 13.975 Thread 0x000000000206e800 Exception <a 'java/security/PrivilegedActionException'> (0x00000000ed7503b8) thrown at [D:\re\workspace\8-2-build-windows-amd64-cygwin\jdk8u5\2488\hotspot\src\share\vm\prims\jvm.cpp, line 1248]
Event: 13.975 Thread 0x000000000206e800 Exception <a 'java/lang/ClassNotFoundException': org/apache/log4j/ConsoleAppenderBeanInfo> (0x00000000ed7505e8) thrown at [D:\re\workspace\8-2-build-windows-amd64-cygwin\jdk8u5\2488\hotspot\src\share\vm\classfile\systemDictionary.cpp, line 202]
Event: 13.975 Thread 0x000000000206e800 Exception <a 'java/security/PrivilegedActionException'> (0x00000000ed750f78) thrown at [D:\re\workspace\8-2-build-windows-amd64-cygwin\jdk8u5\2488\hotspot\src\share\vm\prims\jvm.cpp, line 1248]
Event: 13.975 Thread 0x000000000206e800 Exception <a 'java/security/PrivilegedActionException'> (0x00000000ed7530d8) thrown at [D:\re\workspace\8-2-build-windows-amd64-cygwin\jdk8u5\2488\hotspot\src\share\vm\prims\jvm.cpp, line 1248]
Event: 13.976 Thread 0x000000000206e800 Exception <a 'java/security/PrivilegedActionException'> (0x00000000ed753788) thrown at [D:\re\workspace\8-2-build-windows-amd64-cygwin\jdk8u5\2488\hotspot\src\share\vm\prims\jvm.cpp, line 1248]
Event: 13.976 Thread 0x000000000206e800 Exception <a 'java/security/PrivilegedActionException'> (0x00000000ed755848) thrown at [D:\re\workspace\8-2-build-windows-amd64-cygwin\jdk8u5\2488\hotspot\src\share\vm\prims\jvm.cpp, line 1248]
Event: 13.976 Thread 0x000000000206e800 Exception <a 'java/lang/ClassNotFoundException': org/apache/log4j/ConsoleAppenderCustomizer> (0x00000000ed755a80) thrown at [D:\re\workspace\8-2-build-windows-amd64-cygwin\jdk8u5\2488\hotspot\src\share\vm\classfile\systemDictionary.cpp, line 202]

Events (10 events):
Event: 13.975 loading class org/apache/log4j/ConsoleAppenderBeanInfo
Event: 13.975 loading class org/apache/log4j/ConsoleAppenderBeanInfo done
Event: 13.975 loading class org/apache/log4j/ConsoleAppenderBeanInfo
Event: 13.975 loading class org/apache/log4j/ConsoleAppenderBeanInfo done
Event: 13.975 loading class org/apache/log4j/ConsoleAppenderCustomizer
Event: 13.975 loading class org/apache/log4j/ConsoleAppenderCustomizer done
Event: 13.975 loading class org/apache/log4j/ConsoleAppenderCustomizer
Event: 13.975 loading class org/apache/log4j/ConsoleAppenderCustomizer done
Event: 13.976 loading class org/apache/log4j/ConsoleAppenderCustomizer
Event: 13.976 loading class org/apache/log4j/ConsoleAppenderCustomizer done


Dynamic libraries:
0x000000013f3d0000 - 0x000000013f404000 	C:\Program Files\Java\jdk1.8.0_05\bin\java.exe
0x00000000775c0000 - 0x0000000077769000 	C:\windows\SYSTEM32\ntdll.dll
0x00000000773a0000 - 0x00000000774bf000 	C:\windows\system32\kernel32.dll
0x000007fefd6c0000 - 0x000007fefd72c000 	C:\windows\system32\KERNELBASE.dll
0x000007fefe340000 - 0x000007fefe41b000 	C:\windows\system32\ADVAPI32.dll
0x000007fefdd60000 - 0x000007fefddff000 	C:\windows\system32\msvcrt.dll
0x000007fefe420000 - 0x000007fefe43f000 	C:\windows\SYSTEM32\sechost.dll
0x000007fefdc30000 - 0x000007fefdd5d000 	C:\windows\system32\RPCRT4.dll
0x00000000774c0000 - 0x00000000775ba000 	C:\windows\system32\USER32.dll
0x000007fefe140000 - 0x000007fefe1a7000 	C:\windows\system32\GDI32.dll
0x000007fefe0e0000 - 0x000007fefe0ee000 	C:\windows\system32\LPK.dll
0x000007fefda70000 - 0x000007fefdb39000 	C:\windows\system32\USP10.dll
0x000007fefbbe0000 - 0x000007fefbdd4000 	C:\windows\WinSxS\amd64_microsoft.windows.common-controls_6595b64144ccf1df_6.0.7601.18837_none_fa3b1e3d17594757\COMCTL32.dll
0x000007fefe060000 - 0x000007fefe0d1000 	C:\windows\system32\SHLWAPI.dll
0x000007fefdc00000 - 0x000007fefdc2e000 	C:\windows\system32\IMM32.DLL
0x000007feff7c0000 - 0x000007feff8c9000 	C:\windows\system32\MSCTF.dll
0x0000000060000000 - 0x00000000600d2000 	C:\Program Files\Java\jdk1.8.0_05\jre\bin\msvcr100.dll
0x0000000059130000 - 0x000000005995a000 	C:\Program Files\Java\jdk1.8.0_05\jre\bin\server\jvm.dll
0x000007fef63b0000 - 0x000007fef63b9000 	C:\windows\system32\WSOCK32.dll
0x000007fefe0f0000 - 0x000007fefe13d000 	C:\windows\system32\WS2_32.dll
0x000007fefda60000 - 0x000007fefda68000 	C:\windows\system32\NSI.dll
0x000007fefaea0000 - 0x000007fefaedb000 	C:\windows\system32\WINMM.dll
0x0000000077790000 - 0x0000000077797000 	C:\windows\system32\PSAPI.DLL
0x0000000074930000 - 0x000000007493f000 	C:\Program Files\Java\jdk1.8.0_05\jre\bin\verify.dll
0x0000000074300000 - 0x0000000074328000 	C:\Program Files\Java\jdk1.8.0_05\jre\bin\java.dll
0x0000000074380000 - 0x0000000074396000 	C:\Program Files\Java\jdk1.8.0_05\jre\bin\zip.dll
0x000007fefea30000 - 0x000007feff7b9000 	C:\windows\system32\SHELL32.dll
0x000007fefe440000 - 0x000007fefe643000 	C:\windows\system32\ole32.dll
0x000007fefd370000 - 0x000007fefd37f000 	C:\windows\system32\profapi.dll
0x000007fefb180000 - 0x000007fefb190000 	C:\Program Files (x86)\JetBrains\IntelliJ IDEA Community Edition 15.0.3\bin\breakgen64.dll
0x0000000074360000 - 0x000000007437a000 	C:\Program Files\Java\jdk1.8.0_05\jre\bin\net.dll
0x000007fefcb50000 - 0x000007fefcba5000 	C:\windows\system32\mswsock.dll
0x000007fefcb40000 - 0x000007fefcb47000 	C:\windows\System32\wship6.dll

VM Arguments:
jvm_args: -Didea.launcher.port=7534 -Didea.launcher.bin.path=C:\Program Files (x86)\JetBrains\IntelliJ IDEA Community Edition 15.0.3\bin -Dfile.encoding=UTF-8 
java_command: com.intellij.rt.execution.application.AppMain com.Vladic.Bolduryxa.NewImplementation.Main
java_class_path (initial): C:\Program Files\Java\jdk1.8.0_05\jre\lib\charsets.jar;C:\Program Files\Java\jdk1.8.0_05\jre\lib\deploy.jar;C:\Program Files\Java\jdk1.8.0_05\jre\lib\javaws.jar;C:\Program Files\Java\jdk1.8.0_05\jre\lib\jce.jar;C:\Program Files\Java\jdk1.8.0_05\jre\lib\jfr.jar;C:\Program Files\Java\jdk1.8.0_05\jre\lib\jfxswt.jar;C:\Program Files\Java\jdk1.8.0_05\jre\lib\jsse.jar;C:\Program Files\Java\jdk1.8.0_05\jre\lib\management-agent.jar;C:\Program Files\Java\jdk1.8.0_05\jre\lib\plugin.jar;C:\Program Files\Java\jdk1.8.0_05\jre\lib\resources.jar;C:\Program Files\Java\jdk1.8.0_05\jre\lib\rt.jar;C:\Program Files\Java\jdk1.8.0_05\jre\lib\ext\access-bridge-64.jar;C:\Program Files\Java\jdk1.8.0_05\jre\lib\ext\cldrdata.jar;C:\Program Files\Java\jdk1.8.0_05\jre\lib\ext\dnsns.jar;C:\Program Files\Java\jdk1.8.0_05\jre\lib\ext\jaccess.jar;C:\Program Files\Java\jdk1.8.0_05\jre\lib\ext\jfxrt.jar;C:\Program Files\Java\jdk1.8.0_05\jre\lib\ext\localedata.jar;C:\Program Files\Java\jdk1.8.0_05\jre\lib\ext\nashorn.jar;C:\Program Files\Java\jdk1.8.0_05\jre\lib\ext\sunec.jar;C:\Program Files\Java\jdk1.8.0_05\jre\lib\ext\sunjce_provider.jar;C:\Program Files\Java\jdk1.8.0_05\jre\lib\ext\sunmscapi.jar;C:\Program Files\Java\jdk1.8.0_05\jre\lib\ext\sunpkcs11.jar;C:\Program Files\Java\jdk1.8.0_05\jre\lib\ext\zipfs.jar;C:\Users\user\IdeaProjects\FirstProject\target\classes;C:\Users\user\.m2\repository\log4j\log4j\1.2.17\log4j-1.2.17.jar;C:\Program Files (x86)\JetBrains\IntelliJ IDEA Community Edition 15.0.3\lib\idea_rt.jar
Launcher Type: SUN_STANDARD

Environment Variables:
JAVA_HOME=C:\Program Files\Java\jdk1.8.0_05
PATH=C:\Program Files\Microsoft SQL Server\110\Tools\Binn\;C:\Program Files (x86)\Common Files\Acronis\SnapAPI\;C:\Program Files\Java\jdk1.8.0_05\bin;C:\Program Files\maven\apache-maven-3.3.3\bin;C:\Program Files (x86)\Skype\Phone\;C:\Program Files\Java\jdk1.8.0_05\bin;C:\Program Files\maven\apache-maven-3.3.3\bin;;C:\Program Files (x86)\Common Files\Acronis\TibMounter64
USERNAME=user
OS=Windows_NT
PROCESSOR_IDENTIFIER=AMD64 Family 18 Model 1 Stepping 0, AuthenticAMD



---------------  S Y S T E M  ---------------

OS: Windows 7 , 64 bit Build 7601 Service Pack 1

CPU:total 4 (4 cores per cpu, 1 threads per core) family 18 model 1 stepping 0, cmov, cx8, fxsr, mmx, sse, sse2, sse3, popcnt, mmxext, 3dnowpref, lzcnt, sse4a, tsc, tscinvbit

Memory: 4k page, physical 3649276k(324212k free), swap 7210956k(4636k free)

vm_info: Java HotSpot(TM) 64-Bit Server VM (25.5-b02) for windows-amd64 JRE (1.8.0_05-b13), built on Mar 18 2014 01:08:39 by "java_re" with MS VC++ 10.0 (VS2010)

time: Wed Feb 17 00:56:49 2016
elapsed time: 15 seconds

