2015-11-09 23:30:14 DEBUG Main:20 - DEBUG
2015-11-09 23:30:14 WARN  Main:21 - WARN
2015-11-09 23:30:14 INFO  Main:22 - INFO
2015-11-09 23:30:57 WARN  Main:21 - WARN
2015-11-09 23:30:57 INFO  Main:22 - INFO
2015-11-09 23:34:04 DEBUG Main:20 - DEBUG
2015-11-09 23:34:04 WARN  Main:21 - WARN
2015-11-09 23:34:04 INFO  Main:22 - INFO
2015-11-09 23:34:04 TRACE Main:23 - TRACE
2015-11-09 23:40:56 DEBUG Main:20 - DEBUG
2015-11-09 23:40:56 WARN  Main:21 - WARN
2015-11-09 23:40:56 INFO  Main:22 - INFO
2015-11-09 23:40:56 TRACE Main:23 - TRACE
2015-11-09 23:40:56 ERROR Main:24 - ERROR
2015-11-09 23:40:56 FATAL Main:25 - FATAL
2015-11-09 23:41:16 WARN  Main:21 - WARN
2015-11-09 23:41:16 INFO  Main:22 - INFO
2015-11-09 23:41:16 ERROR Main:24 - ERROR
2015-11-09 23:41:16 FATAL Main:25 - FATAL
2015-11-09 23:49:48 WARN  Main:21 - WARN
2015-11-09 23:49:48 INFO  Main:22 - INFO
2015-11-09 23:49:48 ERROR Main:24 - ERROR
2015-11-09 23:49:48 FATAL Main:25 - FATAL
2015-11-09 23:49:48 INFO  Main:35 - file not open
2015-11-09 23:50:54 WARN  Main:21 - WARN
2015-11-09 23:50:54 INFO  Main:22 - INFO
2015-11-09 23:50:54 ERROR Main:24 - ERROR
2015-11-09 23:50:54 FATAL Main:25 - FATAL
2015-11-09 23:50:54 INFO  Main:35 - file not open
2015-11-09 23:50:54 INFO  Main:52 - file not open
2015-11-09 23:57:20 WARN  Main:21 - WARN
2015-11-09 23:57:20 INFO  Main:22 - INFO
2015-11-09 23:57:20 ERROR Main:24 - ERROR
2015-11-09 23:57:20 FATAL Main:25 - FATAL
2015-11-09 23:57:20 INFO  Main:35 - file not open
2015-11-09 23:57:20 INFO  Main:52 - file not open
2015-11-10 00:00:41 INFO  FormatText:25 - Initialization formater...
2015-11-10 00:00:41 INFO  FormatText:32 - Formated...
2015-11-10 00:11:52 WARN  Main:21 - WARN
2015-11-10 00:11:52 INFO  Main:22 - INFO
2015-11-10 00:11:52 ERROR Main:24 - ERROR
2015-11-10 00:11:52 FATAL Main:25 - FATAL
2015-11-10 00:11:52 INFO  Main:35 - file not open
2015-11-10 00:11:52 INFO  Main:52 - file not open
2015-11-10 00:12:20 INFO  FormatText:25 - Initialization formater...
2015-11-10 00:12:20 INFO  FormatText:32 - Formated...
2015-11-10 00:13:23 WARN  Main:21 - WARN
2015-11-10 00:13:23 INFO  Main:22 - INFO
2015-11-10 00:13:23 ERROR Main:24 - ERROR
2015-11-10 00:13:23 FATAL Main:25 - FATAL
2015-11-10 00:13:23 INFO  Main:35 - file not open
2015-11-10 00:13:23 INFO  Main:52 - file not open
2015-11-10 00:13:32 INFO  FormatText:25 - Initialization formater...
2015-11-10 00:13:32 INFO  FormatText:32 - Formated...
2015-11-10 00:13:32 INFO  FormatText:60 - Finish
2015-11-10 01:00:58 WARN  Main:34 - WARN
2015-11-10 01:00:58 INFO  Main:35 - INFO
2015-11-10 01:00:58 ERROR Main:37 - ERROR
2015-11-10 01:00:58 FATAL Main:38 - FATAL
2015-11-10 01:00:58 INFO  Main:48 - file not open
2015-11-10 01:00:58 INFO  Main:65 - file not open
2015-11-11 00:21:06 INFO  FormatText:25 - Initialization formater...
2015-11-11 00:21:06 INFO  FormatText:32 - Formated...
2015-11-11 00:21:06 INFO  FormatText:63 - Finish
2015-11-11 00:27:03 INFO  FormatText:25 - Initialization formater...
2015-11-11 00:27:03 INFO  FormatText:32 - Formated...
2015-11-11 00:51:51 INFO  FormatText:25 - Initialization formater...
2015-11-11 00:51:51 INFO  FormatText:32 - Formated...
2015-11-11 00:52:10 INFO  FormatText:25 - Initialization formater...
2015-11-11 00:52:10 INFO  FormatText:32 - Formated...
2015-11-11 00:53:01 INFO  FormatText:25 - Initialization formater...
2015-11-11 00:53:01 INFO  FormatText:32 - Formated...
2015-11-11 00:53:01 INFO  FormatText:63 - Finish
2015-11-11 01:03:44 INFO  FormatText:25 - Initialization formater...
2015-11-11 01:03:44 INFO  FormatText:32 - Formated...
2015-11-11 01:03:44 INFO  FormatText:63 - Finish
2015-11-11 01:04:34 INFO  FormatText:25 - Initialization formater...
2015-11-11 01:04:34 INFO  FormatText:32 - Formated...
2015-11-11 01:05:25 INFO  FormatText:25 - Initialization formater...
2015-11-11 01:05:25 INFO  FormatText:32 - Formated...
2015-11-11 01:05:51 INFO  FormatText:25 - Initialization formater...
2015-11-11 01:05:51 INFO  FormatText:32 - Formated...
2015-11-11 01:05:51 INFO  FormatText:63 - Finish
2015-11-11 01:06:18 INFO  FormatText:25 - Initialization formater...
2015-11-11 01:06:18 INFO  FormatText:32 - Formated...
2015-11-11 01:06:18 INFO  FormatText:63 - Finish
2015-11-11 01:06:30 INFO  FormatText:25 - Initialization formater...
2015-11-11 01:06:30 INFO  FormatText:32 - Formated...
2015-11-11 01:06:55 INFO  FormatText:25 - Initialization formater...
2015-11-11 01:06:55 INFO  FormatText:32 - Formated...
2015-11-11 01:06:55 INFO  FormatText:63 - Finish
2015-11-11 01:07:07 INFO  FormatText:25 - Initialization formater...
2015-11-11 01:07:07 INFO  FormatText:32 - Formated...
2015-11-11 01:07:07 INFO  FormatText:63 - Finish
2015-11-11 01:07:20 INFO  FormatText:25 - Initialization formater...
2015-11-11 01:07:20 INFO  FormatText:32 - Formated...
2015-11-11 01:07:31 INFO  FormatText:25 - Initialization formater...
2015-11-11 01:07:31 INFO  FormatText:32 - Formated...
2015-11-11 01:07:40 INFO  FormatText:25 - Initialization formater...
2015-11-11 01:07:40 INFO  FormatText:32 - Formated...
2015-11-11 01:07:40 INFO  FormatText:63 - Finish
2015-11-11 01:11:54 INFO  FormatText:25 - Initialization formater...
2015-11-11 01:11:54 INFO  FormatText:32 - Formated...
2015-11-11 18:18:59 INFO  FormatText:54 - Initialization formater...
2015-11-11 18:18:59 INFO  FormatText:68 - Formated...
2015-11-11 18:18:59 INFO  FormatText:99 - Finish
2015-11-11 18:20:31 INFO  FormatText:52 - Initialization formater...
2015-11-11 18:20:31 INFO  FormatText:66 - Formated...
2015-11-11 18:20:31 INFO  FormatText:97 - Finish
2015-11-11 18:21:50 INFO  FormatText:52 - Initialization formater...
2015-11-11 18:21:50 INFO  FormatText:66 - Formated...
2015-11-11 18:21:50 INFO  FormatText:97 - Finish
2015-11-11 18:40:27 INFO  FormatText:52 - Initialization formater...
2015-11-11 18:40:27 INFO  FormatText:66 - Formated...
2015-11-11 18:40:27 INFO  FormatText:97 - Finish
2015-11-11 18:42:17 INFO  FormatText:52 - Initialization formater...
2015-11-11 18:42:17 INFO  FormatText:66 - Formated...
2015-11-11 18:42:17 INFO  FormatText:97 - Finish
2015-11-11 18:42:17 INFO  FormatText:52 - Initialization formater...
2015-11-11 18:42:17 INFO  FormatText:66 - Formated...
2015-11-11 18:42:17 INFO  FormatText:97 - Finish
2015-11-11 18:42:59 INFO  FormatText:52 - Initialization formater...
2015-11-11 18:42:59 INFO  FormatText:66 - Formated...
2015-11-11 18:42:59 INFO  FormatText:97 - Finish
2015-11-11 18:42:59 INFO  FormatText:52 - Initialization formater...
2015-11-11 18:42:59 INFO  FormatText:66 - Formated...
2015-11-11 18:42:59 INFO  FormatText:97 - Finish
2015-11-11 19:32:50 INFO  FormatText:52 - Initialization formater...
2015-11-11 19:32:50 INFO  FormatText:66 - Formated...
2015-11-11 19:32:50 INFO  FormatText:97 - Finish
2015-11-11 19:41:37 INFO  FormatText:52 - Initialization formater...
2015-11-11 19:41:37 INFO  FormatText:66 - Formated...
2015-11-11 19:41:37 INFO  FormatText:97 - Finish
2015-11-11 23:28:04 INFO  FormatText:36 - file not open
2015-11-11 23:28:04 INFO  FormatText:44 - Initialization formater...
2015-11-11 23:29:37 INFO  FormatText:37 - file not open
2015-11-11 23:29:37 INFO  FormatText:45 - Initialization formater...
2015-11-11 23:31:35 INFO  FormatText:34 - file not open
2015-11-11 23:31:35 INFO  FormatText:42 - Initialization formater...
2015-11-11 23:35:15 INFO  FormatText:34 - file not open
2015-11-11 23:35:15 INFO  FormatText:42 - Initialization formater...
2015-11-11 23:36:06 INFO  FormatText:42 - Initialization formater...
2015-11-11 23:36:06 INFO  FormatText:51 - Formated...
2015-11-11 23:36:06 INFO  FormatText:82 - Finish
2015-11-11 23:37:26 INFO  FormatText:42 - Initialization formater...
2015-11-11 23:37:26 INFO  FormatText:51 - Formated...
2015-11-11 23:37:26 INFO  FormatText:82 - Finish
2015-11-11 23:38:25 INFO  FormatText:42 - Initialization formater...
2015-11-11 23:38:25 INFO  FormatText:51 - Formated...
2015-11-11 23:38:25 INFO  FormatText:82 - Finish
2015-11-11 23:44:25 INFO  FormatText:42 - Initialization formater...
2015-11-11 23:44:25 INFO  FormatText:49 - Formated...
2015-11-11 23:44:25 INFO  FormatText:81 - Finish
2015-11-11 23:44:25 INFO  FormatText:42 - Initialization formater...
2015-11-11 23:44:25 INFO  FormatText:49 - Formated...
2015-11-11 23:44:25 INFO  FormatText:81 - Finish
2015-11-11 23:44:25 INFO  FormatText:42 - Initialization formater...
2015-11-11 23:44:25 INFO  FormatText:49 - Formated...
2015-11-11 23:44:25 INFO  FormatText:81 - Finish
2015-11-11 23:45:49 INFO  FormatText:42 - Initialization formater...
2015-11-11 23:45:49 INFO  FormatText:49 - Formated...
2015-11-11 23:45:49 INFO  FormatText:81 - Finish
2015-11-11 23:45:49 INFO  FormatText:42 - Initialization formater...
2015-11-11 23:45:49 INFO  FormatText:49 - Formated...
2015-11-11 23:45:49 INFO  FormatText:81 - Finish
2015-11-11 23:45:49 INFO  FormatText:42 - Initialization formater...
2015-11-11 23:45:49 INFO  FormatText:49 - Formated...
2015-11-11 23:45:49 INFO  FormatText:81 - Finish
2015-11-11 23:47:39 INFO  FormatText:42 - Initialization formater...
2015-11-11 23:47:39 INFO  FormatText:51 - Formated...
2015-11-11 23:47:39 INFO  FormatText:83 - Finish
2015-11-11 23:47:39 INFO  FormatText:42 - Initialization formater...
2015-11-11 23:47:39 INFO  FormatText:51 - Formated...
2015-11-11 23:47:39 INFO  FormatText:83 - Finish
2015-11-11 23:47:39 INFO  FormatText:42 - Initialization formater...
2015-11-11 23:47:39 INFO  FormatText:51 - Formated...
2015-11-11 23:47:39 INFO  FormatText:83 - Finish
2015-11-11 23:48:01 INFO  FormatText:42 - Initialization formater...
2015-11-11 23:48:01 INFO  FormatText:51 - Formated...
2015-11-11 23:48:01 INFO  FormatText:83 - Finish
2015-11-11 23:48:01 INFO  FormatText:42 - Initialization formater...
2015-11-11 23:48:01 INFO  FormatText:51 - Formated...
2015-11-11 23:48:01 INFO  FormatText:83 - Finish
2015-11-11 23:48:01 INFO  FormatText:42 - Initialization formater...
2015-11-11 23:48:01 INFO  FormatText:51 - Formated...
2015-11-11 23:48:01 INFO  FormatText:83 - Finish
2015-11-11 23:48:15 INFO  FormatText:42 - Initialization formater...
2015-11-11 23:48:15 INFO  FormatText:51 - Formated...
2015-11-11 23:48:15 INFO  FormatText:83 - Finish
2015-11-11 23:48:15 INFO  FormatText:42 - Initialization formater...
2015-11-11 23:48:15 INFO  FormatText:51 - Formated...
2015-11-11 23:48:15 INFO  FormatText:83 - Finish
2015-11-11 23:48:15 INFO  FormatText:42 - Initialization formater...
2015-11-11 23:48:15 INFO  FormatText:51 - Formated...
2015-11-11 23:48:15 INFO  FormatText:83 - Finish
2015-11-11 23:49:52 INFO  FormatText:42 - Initialization formater...
2015-11-11 23:49:52 INFO  FormatText:51 - Formated...
2015-11-11 23:49:52 INFO  FormatText:83 - Finish
2015-11-11 23:49:52 INFO  FormatText:42 - Initialization formater...
2015-11-11 23:49:52 INFO  FormatText:51 - Formated...
2015-11-11 23:49:52 INFO  FormatText:83 - Finish
2015-11-11 23:49:52 INFO  FormatText:42 - Initialization formater...
2015-11-11 23:49:52 INFO  FormatText:51 - Formated...
2015-11-11 23:49:52 INFO  FormatText:83 - Finish
2015-11-11 23:51:48 INFO  FormatText:42 - Initialization formater...
2015-11-11 23:51:48 INFO  FormatText:51 - Formated...
2015-11-11 23:51:48 INFO  FormatText:83 - Finish
2015-11-11 23:51:48 INFO  FormatText:42 - Initialization formater...
2015-11-11 23:51:48 INFO  FormatText:51 - Formated...
2015-11-11 23:51:48 INFO  FormatText:83 - Finish
2015-11-11 23:51:48 INFO  FormatText:42 - Initialization formater...
2015-11-11 23:51:48 INFO  FormatText:51 - Formated...
2015-11-11 23:51:48 INFO  FormatText:83 - Finish
2015-11-11 23:52:07 INFO  FormatText:42 - Initialization formater...
2015-11-11 23:52:07 INFO  FormatText:51 - Formated...
2015-11-11 23:52:07 INFO  FormatText:83 - Finish
2015-11-11 23:52:07 INFO  FormatText:42 - Initialization formater...
2015-11-11 23:52:07 INFO  FormatText:51 - Formated...
2015-11-11 23:52:07 INFO  FormatText:83 - Finish
2015-11-11 23:52:07 INFO  FormatText:42 - Initialization formater...
2015-11-11 23:52:07 INFO  FormatText:51 - Formated...
2015-11-11 23:52:07 INFO  FormatText:83 - Finish
2015-11-11 23:54:24 INFO  FormatText:42 - Initialization formater...
2015-11-11 23:54:24 INFO  FormatText:51 - Formated...
2015-11-11 23:54:24 INFO  FormatText:87 - Finish
2015-11-11 23:54:24 INFO  FormatText:42 - Initialization formater...
2015-11-11 23:54:24 INFO  FormatText:51 - Formated...
2015-11-11 23:54:24 INFO  FormatText:87 - Finish
2015-11-11 23:54:24 INFO  FormatText:42 - Initialization formater...
2015-11-11 23:54:24 INFO  FormatText:51 - Formated...
2015-11-11 23:54:24 INFO  FormatText:87 - Finish
2015-11-12 00:10:58 INFO  FormatText:42 - Initialization formater...
2015-11-12 00:10:58 INFO  FormatText:51 - Formated...
2015-11-12 00:10:58 INFO  FormatText:90 - Finish
2015-11-12 00:10:58 INFO  FormatText:42 - Initialization formater...
2015-11-12 00:10:58 INFO  FormatText:51 - Formated...
2015-11-12 00:10:58 INFO  FormatText:90 - Finish
2015-11-12 00:10:58 INFO  FormatText:42 - Initialization formater...
2015-11-12 00:10:58 INFO  FormatText:51 - Formated...
2015-11-12 00:10:58 INFO  FormatText:90 - Finish
2015-11-12 00:12:52 INFO  FormatText:42 - Initialization formater...
2015-11-12 00:12:52 INFO  FormatText:51 - Formated...
2015-11-12 00:12:52 INFO  FormatText:90 - Finish
2015-11-12 00:12:52 INFO  FormatText:42 - Initialization formater...
2015-11-12 00:12:52 INFO  FormatText:51 - Formated...
2015-11-12 00:12:52 INFO  FormatText:90 - Finish
2015-11-12 00:12:52 INFO  FormatText:42 - Initialization formater...
2015-11-12 00:12:52 INFO  FormatText:51 - Formated...
2015-11-12 00:12:52 INFO  FormatText:90 - Finish
2015-11-12 00:14:48 INFO  FormatText:42 - Initialization formater...
2015-11-12 00:14:48 INFO  FormatText:51 - Formated...
2015-11-12 00:14:48 INFO  FormatText:90 - Finish
2015-11-12 00:14:48 INFO  FormatText:42 - Initialization formater...
2015-11-12 00:14:48 INFO  FormatText:51 - Formated...
2015-11-12 00:14:48 INFO  FormatText:90 - Finish
2015-11-12 00:14:48 INFO  FormatText:42 - Initialization formater...
2015-11-12 00:14:48 INFO  FormatText:51 - Formated...
2015-11-12 00:14:48 INFO  FormatText:90 - Finish
2015-11-12 00:15:06 INFO  FormatText:42 - Initialization formater...
2015-11-12 00:15:06 INFO  FormatText:51 - Formated...
2015-11-12 00:15:06 INFO  FormatText:91 - Finish
2015-11-12 00:15:06 INFO  FormatText:42 - Initialization formater...
2015-11-12 00:15:06 INFO  FormatText:51 - Formated...
2015-11-12 00:15:06 INFO  FormatText:91 - Finish
2015-11-12 00:15:06 INFO  FormatText:42 - Initialization formater...
2015-11-12 00:15:06 INFO  FormatText:51 - Formated...
2015-11-12 00:15:06 INFO  FormatText:91 - Finish
2015-11-12 00:15:29 INFO  FormatText:42 - Initialization formater...
2015-11-12 00:15:29 INFO  FormatText:51 - Formated...
2015-11-12 00:15:29 INFO  FormatText:91 - Finish
2015-11-12 00:15:29 INFO  FormatText:42 - Initialization formater...
2015-11-12 00:15:29 INFO  FormatText:51 - Formated...
2015-11-12 00:15:29 INFO  FormatText:91 - Finish
2015-11-12 00:15:29 INFO  FormatText:42 - Initialization formater...
2015-11-12 00:15:29 INFO  FormatText:51 - Formated...
2015-11-12 00:15:29 INFO  FormatText:91 - Finish
2015-11-12 00:16:16 INFO  FormatText:42 - Initialization formater...
2015-11-12 00:16:18 INFO  FormatText:51 - Formated...
2015-11-12 00:18:03 INFO  FormatText:90 - Finish
2015-11-12 00:20:29 INFO  FormatText:42 - Initialization formater...
2015-11-12 00:20:29 INFO  FormatText:51 - Formated...
2015-11-12 00:20:29 INFO  FormatText:90 - Finish
2015-11-12 00:20:29 INFO  FormatText:42 - Initialization formater...
2015-11-12 00:20:29 INFO  FormatText:51 - Formated...
2015-11-12 00:20:29 INFO  FormatText:90 - Finish
2015-11-12 00:20:29 INFO  FormatText:42 - Initialization formater...
2015-11-12 00:20:29 INFO  FormatText:51 - Formated...
2015-11-12 00:20:29 INFO  FormatText:90 - Finish
2015-11-12 00:21:36 INFO  FormatText:42 - Initialization formater...
2015-11-12 00:21:36 INFO  FormatText:51 - Formated...
2015-11-12 00:21:36 INFO  FormatText:90 - Finish
2015-11-12 00:21:36 INFO  FormatText:42 - Initialization formater...
2015-11-12 00:21:36 INFO  FormatText:51 - Formated...
2015-11-12 00:21:36 INFO  FormatText:90 - Finish
2015-11-12 00:21:36 INFO  FormatText:42 - Initialization formater...
2015-11-12 00:21:36 INFO  FormatText:51 - Formated...
2015-11-12 00:21:36 INFO  FormatText:90 - Finish
2015-11-12 00:23:35 INFO  FormatText:42 - Initialization formater...
2015-11-12 00:23:35 INFO  FormatText:53 - Formated...
2015-11-12 00:23:35 INFO  FormatText:92 - Finish
2015-11-12 00:23:35 INFO  FormatText:42 - Initialization formater...
2015-11-12 00:23:35 INFO  FormatText:53 - Formated...
2015-11-12 00:23:35 INFO  FormatText:92 - Finish
2015-11-12 00:23:36 INFO  FormatText:42 - Initialization formater...
2015-11-12 00:23:36 INFO  FormatText:53 - Formated...
2015-11-12 00:23:36 INFO  FormatText:92 - Finish
2015-11-12 00:24:11 INFO  FormatText:42 - Initialization formater...
2015-11-12 00:24:11 INFO  FormatText:53 - Formated...
2015-11-12 00:24:11 INFO  FormatText:92 - Finish
2015-11-12 00:24:11 INFO  FormatText:42 - Initialization formater...
2015-11-12 00:24:11 INFO  FormatText:53 - Formated...
2015-11-12 00:24:11 INFO  FormatText:92 - Finish
2015-11-12 00:24:11 INFO  FormatText:42 - Initialization formater...
2015-11-12 00:24:11 INFO  FormatText:53 - Formated...
2015-11-12 00:24:11 INFO  FormatText:92 - Finish
2015-11-12 00:24:52 INFO  FormatText:42 - Initialization formater...
2015-11-12 00:24:52 INFO  FormatText:53 - Formated...
2015-11-12 00:24:52 INFO  FormatText:92 - Finish
2015-11-12 00:24:52 INFO  FormatText:42 - Initialization formater...
2015-11-12 00:24:52 INFO  FormatText:53 - Formated...
2015-11-12 00:24:52 INFO  FormatText:92 - Finish
2015-11-12 00:24:52 INFO  FormatText:42 - Initialization formater...
2015-11-12 00:24:52 INFO  FormatText:53 - Formated...
2015-11-12 00:24:52 INFO  FormatText:92 - Finish
2015-11-12 00:25:18 INFO  FormatText:42 - Initialization formater...
2015-11-12 00:25:18 INFO  FormatText:53 - Formated...
2015-11-12 00:25:18 INFO  FormatText:92 - Finish
2015-11-12 00:25:18 INFO  FormatText:42 - Initialization formater...
2015-11-12 00:25:18 INFO  FormatText:53 - Formated...
2015-11-12 00:25:18 INFO  FormatText:92 - Finish
2015-11-12 00:25:18 INFO  FormatText:42 - Initialization formater...
2015-11-12 00:25:18 INFO  FormatText:53 - Formated...
2015-11-12 00:25:18 INFO  FormatText:92 - Finish
2015-11-12 00:26:10 INFO  FormatText:42 - Initialization formater...
2015-11-12 00:26:10 INFO  FormatText:53 - Formated...
2015-11-12 00:26:10 INFO  FormatText:92 - Finish
2015-11-12 00:26:10 INFO  FormatText:42 - Initialization formater...
2015-11-12 00:26:10 INFO  FormatText:53 - Formated...
2015-11-12 00:26:10 INFO  FormatText:92 - Finish
2015-11-12 00:26:10 INFO  FormatText:42 - Initialization formater...
2015-11-12 00:26:10 INFO  FormatText:53 - Formated...
2015-11-12 00:26:10 INFO  FormatText:92 - Finish
2015-11-12 00:26:51 INFO  FormatText:42 - Initialization formater...
2015-11-12 00:26:51 INFO  FormatText:53 - Formated...
2015-11-12 00:26:51 INFO  FormatText:92 - Finish
2015-11-12 00:26:51 INFO  FormatText:42 - Initialization formater...
2015-11-12 00:26:51 INFO  FormatText:53 - Formated...
2015-11-12 00:26:51 INFO  FormatText:92 - Finish
2015-11-12 00:26:51 INFO  FormatText:42 - Initialization formater...
2015-11-12 00:26:51 INFO  FormatText:53 - Formated...
2015-11-12 00:26:51 INFO  FormatText:92 - Finish
2015-11-12 00:26:59 INFO  FormatText:42 - Initialization formater...
2015-11-12 00:26:59 INFO  FormatText:53 - Formated...
2015-11-12 00:26:59 INFO  FormatText:92 - Finish
2015-11-12 00:26:59 INFO  FormatText:42 - Initialization formater...
2015-11-12 00:26:59 INFO  FormatText:53 - Formated...
2015-11-12 00:26:59 INFO  FormatText:92 - Finish
2015-11-12 00:26:59 INFO  FormatText:42 - Initialization formater...
2015-11-12 00:26:59 INFO  FormatText:53 - Formated...
2015-11-12 00:26:59 INFO  FormatText:92 - Finish
2015-11-12 00:27:23 INFO  FormatText:42 - Initialization formater...
2015-11-12 00:27:24 INFO  FormatText:53 - Formated...
2015-11-12 00:28:05 INFO  FormatText:92 - Finish
2015-11-12 00:28:28 INFO  FormatText:42 - Initialization formater...
2015-11-12 00:28:28 INFO  FormatText:53 - Formated...
2015-11-12 00:28:28 INFO  FormatText:91 - Finish
2015-11-12 00:28:28 INFO  FormatText:42 - Initialization formater...
2015-11-12 00:28:28 INFO  FormatText:53 - Formated...
2015-11-12 00:28:28 INFO  FormatText:91 - Finish
2015-11-12 00:28:28 INFO  FormatText:42 - Initialization formater...
2015-11-12 00:28:28 INFO  FormatText:53 - Formated...
2015-11-12 00:28:28 INFO  FormatText:91 - Finish
2015-11-12 00:28:43 INFO  FormatText:42 - Initialization formater...
2015-11-12 00:28:43 INFO  FormatText:53 - Formated...
2015-11-12 00:28:43 INFO  FormatText:91 - Finish
2015-11-12 00:28:43 INFO  FormatText:42 - Initialization formater...
2015-11-12 00:28:43 INFO  FormatText:53 - Formated...
2015-11-12 00:28:43 INFO  FormatText:91 - Finish
2015-11-12 00:28:43 INFO  FormatText:42 - Initialization formater...
2015-11-12 00:28:43 INFO  FormatText:53 - Formated...
2015-11-12 00:28:43 INFO  FormatText:91 - Finish
2015-11-12 00:31:35 INFO  FormatText:42 - Initialization formater...
2015-11-12 00:31:35 INFO  FormatText:53 - Formated...
2015-11-12 00:31:35 INFO  FormatText:98 - Finish
2015-11-12 00:31:35 INFO  FormatText:42 - Initialization formater...
2015-11-12 00:31:35 INFO  FormatText:53 - Formated...
2015-11-12 00:31:35 INFO  FormatText:98 - Finish
2015-11-12 00:31:35 INFO  FormatText:42 - Initialization formater...
2015-11-12 00:31:35 INFO  FormatText:53 - Formated...
2015-11-12 00:31:35 INFO  FormatText:98 - Finish
2015-11-12 00:31:40 INFO  FormatText:42 - Initialization formater...
2015-11-12 00:31:40 INFO  FormatText:53 - Formated...
2015-11-12 00:31:40 INFO  FormatText:98 - Finish
2015-11-12 00:31:40 INFO  FormatText:42 - Initialization formater...
2015-11-12 00:31:40 INFO  FormatText:53 - Formated...
2015-11-12 00:31:40 INFO  FormatText:98 - Finish
2015-11-12 00:31:40 INFO  FormatText:42 - Initialization formater...
2015-11-12 00:31:40 INFO  FormatText:53 - Formated...
2015-11-12 00:31:40 INFO  FormatText:98 - Finish
2015-11-12 00:32:04 INFO  FormatText:42 - Initialization formater...
2015-11-12 00:32:04 INFO  FormatText:53 - Formated...
2015-11-12 00:32:04 INFO  FormatText:98 - Finish
2015-11-12 00:32:04 INFO  FormatText:42 - Initialization formater...
2015-11-12 00:32:04 INFO  FormatText:53 - Formated...
2015-11-12 00:32:04 INFO  FormatText:98 - Finish
2015-11-12 00:32:04 INFO  FormatText:42 - Initialization formater...
2015-11-12 00:32:04 INFO  FormatText:53 - Formated...
2015-11-12 00:32:04 INFO  FormatText:98 - Finish
2015-11-12 00:33:00 INFO  FormatText:42 - Initialization formater...
2015-11-12 00:33:00 INFO  FormatText:53 - Formated...
2015-11-12 00:33:00 INFO  FormatText:97 - Finish
2015-11-12 00:33:00 INFO  FormatText:42 - Initialization formater...
2015-11-12 00:33:00 INFO  FormatText:53 - Formated...
2015-11-12 00:33:00 INFO  FormatText:97 - Finish
2015-11-12 00:33:00 INFO  FormatText:42 - Initialization formater...
2015-11-12 00:33:00 INFO  FormatText:53 - Formated...
2015-11-12 00:33:00 INFO  FormatText:97 - Finish
2015-11-12 00:33:35 INFO  FormatText:42 - Initialization formater...
2015-11-12 00:33:35 INFO  FormatText:53 - Formated...
2015-11-12 00:33:35 INFO  FormatText:97 - Finish
2015-11-12 00:33:35 INFO  FormatText:42 - Initialization formater...
2015-11-12 00:33:35 INFO  FormatText:53 - Formated...
2015-11-12 00:33:35 INFO  FormatText:97 - Finish
2015-11-12 00:33:35 INFO  FormatText:42 - Initialization formater...
2015-11-12 00:33:35 INFO  FormatText:53 - Formated...
2015-11-12 00:33:35 INFO  FormatText:97 - Finish
2015-11-12 00:33:45 INFO  FormatText:42 - Initialization formater...
2015-11-12 00:33:45 INFO  FormatText:53 - Formated...
2015-11-12 00:33:45 INFO  FormatText:97 - Finish
2015-11-12 00:33:51 INFO  FormatText:42 - Initialization formater...
2015-11-12 00:33:51 INFO  FormatText:53 - Formated...
2015-11-12 00:33:51 INFO  FormatText:97 - Finish
2015-11-12 00:34:05 INFO  FormatText:42 - Initialization formater...
2015-11-12 00:34:05 INFO  FormatText:53 - Formated...
2015-11-12 00:34:05 INFO  FormatText:97 - Finish
2015-11-12 00:34:05 INFO  FormatText:42 - Initialization formater...
2015-11-12 00:34:05 INFO  FormatText:53 - Formated...
2015-11-12 00:34:05 INFO  FormatText:97 - Finish
2015-11-12 00:34:05 INFO  FormatText:42 - Initialization formater...
2015-11-12 00:34:05 INFO  FormatText:53 - Formated...
2015-11-12 00:34:05 INFO  FormatText:97 - Finish
2015-11-12 00:34:10 INFO  FormatText:42 - Initialization formater...
2015-11-12 00:34:10 INFO  FormatText:53 - Formated...
2015-11-12 00:34:10 INFO  FormatText:97 - Finish
2015-11-12 00:34:10 INFO  FormatText:42 - Initialization formater...
2015-11-12 00:34:10 INFO  FormatText:53 - Formated...
2015-11-12 00:34:10 INFO  FormatText:97 - Finish
2015-11-12 00:34:15 INFO  FormatText:42 - Initialization formater...
2015-11-12 00:34:15 INFO  FormatText:53 - Formated...
2015-11-12 00:34:15 INFO  FormatText:97 - Finish
2015-11-12 00:34:15 INFO  FormatText:42 - Initialization formater...
2015-11-12 00:34:15 INFO  FormatText:53 - Formated...
2015-11-12 00:34:15 INFO  FormatText:97 - Finish
2015-11-12 00:35:01 INFO  FormatText:42 - Initialization formater...
2015-11-12 00:35:01 INFO  FormatText:53 - Formated...
2015-11-12 00:35:01 INFO  FormatText:97 - Finish
2015-11-12 00:35:01 INFO  FormatText:42 - Initialization formater...
2015-11-12 00:35:01 INFO  FormatText:53 - Formated...
2015-11-12 00:35:01 INFO  FormatText:97 - Finish
2015-11-12 00:35:01 INFO  FormatText:42 - Initialization formater...
2015-11-12 00:35:01 INFO  FormatText:53 - Formated...
2015-11-12 00:35:01 INFO  FormatText:97 - Finish
2015-11-12 00:35:18 INFO  FormatText:42 - Initialization formater...
2015-11-12 00:35:18 INFO  FormatText:53 - Formated...
2015-11-12 00:35:18 INFO  FormatText:97 - Finish
2015-11-12 00:35:28 INFO  FormatText:42 - Initialization formater...
2015-11-12 00:35:28 INFO  FormatText:53 - Formated...
2015-11-12 00:35:28 INFO  FormatText:97 - Finish
2015-11-12 00:35:28 INFO  FormatText:42 - Initialization formater...
2015-11-12 00:35:28 INFO  FormatText:53 - Formated...
2015-11-12 00:35:28 INFO  FormatText:97 - Finish
2015-11-12 00:35:28 INFO  FormatText:42 - Initialization formater...
2015-11-12 00:35:28 INFO  FormatText:53 - Formated...
2015-11-12 00:35:28 INFO  FormatText:97 - Finish
2015-11-12 00:37:22 INFO  FormatText:42 - Initialization formater...
2015-11-12 00:37:22 INFO  FormatText:53 - Formated...
2015-11-12 00:37:22 INFO  FormatText:99 - Finish
2015-11-12 00:37:22 INFO  FormatText:42 - Initialization formater...
2015-11-12 00:37:22 INFO  FormatText:53 - Formated...
2015-11-12 00:37:22 INFO  FormatText:99 - Finish
2015-11-12 00:37:22 INFO  FormatText:42 - Initialization formater...
2015-11-12 00:37:22 INFO  FormatText:53 - Formated...
2015-11-12 00:37:22 INFO  FormatText:99 - Finish
2015-11-12 00:40:07 INFO  FormatText:42 - Initialization formater...
2015-11-12 00:40:07 INFO  FormatText:53 - Formated...
2015-11-12 00:40:07 INFO  FormatText:97 - Finish
2015-11-12 00:40:07 INFO  FormatText:42 - Initialization formater...
2015-11-12 00:40:07 INFO  FormatText:53 - Formated...
2015-11-12 00:40:07 INFO  FormatText:97 - Finish
2015-11-12 00:40:07 INFO  FormatText:42 - Initialization formater...
2015-11-12 00:40:07 INFO  FormatText:53 - Formated...
2015-11-12 00:40:07 INFO  FormatText:97 - Finish
2015-11-12 00:40:31 INFO  FormatText:42 - Initialization formater...
2015-11-12 00:40:31 INFO  FormatText:53 - Formated...
2015-11-12 00:40:31 INFO  FormatText:97 - Finish
2015-11-12 00:40:31 INFO  FormatText:42 - Initialization formater...
2015-11-12 00:40:31 INFO  FormatText:53 - Formated...
2015-11-12 00:40:31 INFO  FormatText:97 - Finish
2015-11-12 00:40:31 INFO  FormatText:42 - Initialization formater...
2015-11-12 00:40:31 INFO  FormatText:53 - Formated...
2015-11-12 00:40:31 INFO  FormatText:97 - Finish
2015-11-12 00:40:50 INFO  FormatText:42 - Initialization formater...
2015-11-12 00:40:50 INFO  FormatText:53 - Formated...
2015-11-12 00:40:50 INFO  FormatText:97 - Finish
2015-11-12 00:40:50 INFO  FormatText:42 - Initialization formater...
2015-11-12 00:40:50 INFO  FormatText:53 - Formated...
2015-11-12 00:40:50 INFO  FormatText:97 - Finish
2015-11-12 00:40:50 INFO  FormatText:42 - Initialization formater...
2015-11-12 00:40:50 INFO  FormatText:53 - Formated...
2015-11-12 00:40:50 INFO  FormatText:97 - Finish
2015-11-12 00:41:31 INFO  FormatText:42 - Initialization formater...
2015-11-12 00:41:31 INFO  FormatText:53 - Formated...
2015-11-12 00:41:31 INFO  FormatText:97 - Finish
2015-11-12 00:41:31 INFO  FormatText:42 - Initialization formater...
2015-11-12 00:41:31 INFO  FormatText:53 - Formated...
2015-11-12 00:41:31 INFO  FormatText:97 - Finish
2015-11-12 00:41:31 INFO  FormatText:42 - Initialization formater...
2015-11-12 00:41:31 INFO  FormatText:53 - Formated...
2015-11-12 00:41:31 INFO  FormatText:97 - Finish
2015-11-12 00:50:56 INFO  FormatText:42 - Initialization formater...
2015-11-12 00:50:56 INFO  FormatText:53 - Formated...
2015-11-12 00:50:56 INFO  FormatText:97 - Finish
2015-11-12 00:50:56 INFO  FormatText:42 - Initialization formater...
2015-11-12 00:50:56 INFO  FormatText:53 - Formated...
2015-11-12 00:50:56 INFO  FormatText:97 - Finish
2015-11-12 00:50:56 INFO  FormatText:42 - Initialization formater...
2015-11-12 00:50:56 INFO  FormatText:53 - Formated...
2015-11-12 00:50:56 INFO  FormatText:97 - Finish
2015-11-12 14:31:48 INFO  FormatText:41 - Initialization formater...
2015-11-12 14:31:48 INFO  FormatText:52 - Formated...
2015-11-12 14:31:48 INFO  FormatText:99 - Finish
2015-11-12 14:37:16 INFO  FormatText:39 - Initialization formater...
2015-11-12 14:37:16 INFO  FormatText:50 - Formated...
2015-11-12 14:40:36 INFO  FormatText:39 - Initialization formater...
2015-11-12 14:40:36 INFO  FormatText:50 - Formated...
2015-11-12 14:42:32 INFO  FormatText:39 - Initialization formater...
2015-11-12 14:42:32 INFO  FormatText:50 - Formated...
2015-11-12 14:48:57 INFO  FormatText:39 - Initialization formater...
2015-11-12 14:48:57 INFO  FormatText:50 - Formated...
2015-11-12 14:50:03 INFO  FormatText:39 - Initialization formater...
2015-11-12 14:50:03 INFO  FormatText:50 - Formated...

2015-11-12 15:13:22 INFO  FormatText:39 - Initialization formater...
2015-11-12 15:13:22 INFO  FormatText:50 - Formated...
2015-11-12 15:13:22 INFO  FormatText:97 - Finish
2015-11-12 15:13:22 INFO  FormatText:39 - Initialization formater...
2015-11-12 15:13:22 INFO  FormatText:50 - Formated...
2015-11-12 15:13:22 INFO  FormatText:97 - Finish
2015-11-12 15:13:22 INFO  FormatText:39 - Initialization formater...
2015-11-12 15:13:22 INFO  FormatText:50 - Formated...
2015-11-12 15:13:22 INFO  FormatText:97 - Finish
2015-11-12 16:05:25 INFO  FormatText:39 - Initialization formater...
2015-11-12 16:05:25 INFO  FormatText:50 - Formated...
